<?xml version="1.0" encoding="UTF-8"?>
<!-- Generated by org.testng.reporters.JUnitXMLReporter -->
<testsuite ignored="0" hostname="MohamedAli" failures="1" tests="1" name="Day6" time="2.302" errors="0" timestamp="2023-06-01T10:43:04 CEST">
  <testcase classname="testerTalks.Day6" name="createBooking" time="2.262">
    <failure type="java.lang.AssertionError" message="expected [400] but found [200]">
      <![CDATA[java.lang.AssertionError: expected [400] but found [200]
at testerTalks.Day6.createBooking(Day6.java:41)
at java.base/java.util.ArrayList.forEach(ArrayList.java:1541)
... Removed 34 stack frames]]>
    </failure>
  </testcase> <!-- createBooking -->
</testsuite> <!-- Day6 -->
