<?xml version="1.0" encoding="UTF-8"?>
<!-- Generated by org.testng.reporters.JUnitXMLReporter -->
<testsuite ignored="0" hostname="MohamedAli" failures="0" tests="9" name="Test" time="12.053" errors="0" timestamp="2023-06-10T17:29:10 CEST">
  <testcase classname="api.test.AuthTest" name="generateToken" time="2.996"/>
  <testcase classname="api.test.BookingTest" name="testGetBookingIds" time="1.122"/>
  <testcase classname="api.test.BookingTest" name="testCreateBooking" time="0.955"/>
  <testcase classname="api.test.BookingTest" name="testGetBooking" time="0.85"/>
  <testcase classname="api.test.BookingTest" name="testGetBookingIdsByName" time="1.67"/>
  <testcase classname="api.test.BookingTest" name="testUpdateBooking" time="0.855"/>
  <testcase classname="api.test.BookingTest" name="testPatchBooking" time="1.127"/>
  <testcase classname="api.test.BookingTest" name="testDeleteBooking" time="0.815"/>
  <testcase classname="api.test.PingTest" name="testGetHealthCheck" time="0.797"/>
</testsuite> <!-- Test -->
