<?xml version="1.0" encoding="UTF-8"?>
<!-- Generated by org.testng.reporters.JUnitXMLReporter -->
<testsuite ignored="0" hostname="MohamedAli" failures="0" tests="9" name="Test" time="13.786" errors="0" timestamp="2023-06-10T17:30:18 CEST">
  <testcase classname="api.test.AuthTest" name="generateToken" time="3.002"/>
  <testcase classname="api.test.BookingTest" name="testGetBookingIds" time="1.278"/>
  <testcase classname="api.test.BookingTest" name="testCreateBooking" time="0.866"/>
  <testcase classname="api.test.BookingTest" name="testGetBooking" time="1.007"/>
  <testcase classname="api.test.BookingTest" name="testGetBookingIdsByName" time="1.941"/>
  <testcase classname="api.test.BookingTest" name="testUpdateBooking" time="0.883"/>
  <testcase classname="api.test.BookingTest" name="testPatchBooking" time="1.092"/>
  <testcase classname="api.test.BookingTest" name="testDeleteBooking" time="0.885"/>
  <testcase classname="api.test.PingTest" name="testGetHealthCheck" time="1.987"/>
</testsuite> <!-- Test -->
