<?xml version="1.0" encoding="UTF-8"?>
<testng-results ignored="0" total="1" passed="1" failed="0" skipped="0">
  <reporter-output>
  </reporter-output>
  <suite started-at="2023-06-01T11:43:57 CEST" name="Suite" finished-at="2023-06-01T11:43:59 CEST" duration-ms="2638">
    <groups>
    </groups>
    <test started-at="2023-06-01T11:43:57 CEST" name="Day7" finished-at="2023-06-01T11:43:59 CEST" duration-ms="2638">
      <class name="testerTalks.Day7">
        <test-method signature="createBooking()[pri:0, instance:testerTalks.Day7@1c05a54d]" started-at="2023-06-01T11:43:57 CEST" name="createBooking" description="end to end api test" finished-at="2023-06-01T11:43:59 CEST" duration-ms="2541" status="PASS">
          <reporter-output>
          </reporter-output>
        </test-method> <!-- createBooking -->
        <test-method is-config="true" signature="afterMethod(org.testng.ITestResult)[pri:0, instance:testerTalks.Day7@1c05a54d]" started-at="2023-06-01T11:43:59 CEST" name="afterMethod" finished-at="2023-06-01T11:43:59 CEST" duration-ms="7" status="PASS">
          <params>
            <param index="0">
              <value>
                <![CDATA[[TestResult name=createBooking status=SUCCESS method=Day7.createBooking()[pri:0, instance:testerTalks.Day7@1c05a54d] output={null}]]]>
              </value>
            </param>
          </params>
          <reporter-output>
          </reporter-output>
        </test-method> <!-- afterMethod -->
      </class> <!-- testerTalks.Day7 -->
    </test> <!-- Day7 -->
  </suite> <!-- Suite -->
</testng-results>
